Arguments: 
  D:\Softwares\NodeJS\node.exe C:\Users\coder\AppData\Roaming\npm\node_modules\yarn\bin\yarn.js add vue-razorpay

PATH: 
  C:\Program Files\Microsoft\jdk-11.0.16.101-hotspot\bin;C:\Python310\Scripts\;C:\Python310\;C:\Program Files\Common Files\Oracle\Java\javapath;C:\Python39\Scripts\;C:\Python39\;C:\Windows\system32;C:\Windows;C:\Windows\System32\Wbem;C:\Windows\System32\WindowsPowerShell\v1.0\;C:\Windows\System32\OpenSSH\;C:\ProgramData\chocolatey\bin;C:\Program Files (x86)\NVIDIA Corporation\PhysX\Common;C:\WINDOWS\system32;C:\WINDOWS;C:\WINDOWS\System32\Wbem;C:\WINDOWS\System32\WindowsPowerShell\v1.0\;C:\WINDOWS\System32\OpenSSH\;C:\Program Files\dotnet\;C:\Program Files\Microsoft SQL Server\Client SDK\ODBC\170\Tools\Binn\;C:\msys64\mingw64\bin;C:\WINDOWS\system32;C:\WINDOWS;C:\WINDOWS\System32\Wbem;C:\WINDOWS\System32\WindowsPowerShell\v1.0\;C:\WINDOWS\System32\OpenSSH\;C:\Program Files\Azure Data Studio\bin;C:\Program Files\Microsoft SQL Server\Client SDK\ODBC\130\Tools\Binn\;D:\Softwares\NodeJS\;C:\Program Files (x86)\Microsoft SQL Server\150\Tools\Binn\;C:\Program Files\Microsoft SQL Server\150\Tools\Binn\;C:\Program Files\Microsoft SQL Server\150\DTS\Binn\;C:\Program Files (x86)\Microsoft SQL Server\160\DTS\Binn\;C:\Program Files (x86)\dotnet\;C:\Program Files\MongoDB\Server\6.0\bin;C:\mongosh-1.7.1-win32-x64\bin;C:\Program Files\dotnet\sdk\6.0.406\;C:\Program Files\dotnet\sdk\7.0.201\;D:\Program Files\Git\cmd;C:\Users\coder\miniconda3;C:\Users\coder\miniconda3\Library\mingw-w64\bin;C:\Users\coder\miniconda3\Library\usr\bin;C:\Users\coder\miniconda3\Library\bin;C:\Users\coder\miniconda3\Scripts;C:\Users\coder\AppData\Local\Programs\Python\Python311\Scripts\;C:\Users\coder\AppData\Local\Programs\Python\Python311\;C:\Program Files\MySQL\MySQL Shell 8.0\bin\;C:\Users\coder\AppData\Local\Microsoft\WindowsApps;D:\Softwares\Microsoft VS Code\bin;D:\Program Files\Jet Brains\IntelliJ IDEA Community Edition 2021.2.2\bin;;C:\Users\coder\.dotnet\tools;D:\coder\Downloads\flutter\bin;C:\Program Files\Azure Data Studio\bin;C:\Users\coder\AppData\Roaming\npm;D:\Softwares\NodeJS;C:\Program Files\dotnet\;C:\Program Files (x86)\dotnet\;C:\Program Files\dotnet\sdk\6.0.406\;C:\Program Files\dotnet\sdk\7.0.201\;C:\Users\coder\AppData\Local\GitHubDesktop\bin

Yarn version: 
  1.22.19

Node version: 
  19.5.0

Platform: 
  win32 x64

Trace: 
  Error: https://registry.yarnpkg.com/vue-razorpay: Not found
      at params.callback [as _callback] (C:\Users\coder\AppData\Roaming\npm\node_modules\yarn\lib\cli.js:66145:18)
      at self.callback (C:\Users\coder\AppData\Roaming\npm\node_modules\yarn\lib\cli.js:140890:22)
      at Request.emit (node:events:512:28)
      at Request.<anonymous> (C:\Users\coder\AppData\Roaming\npm\node_modules\yarn\lib\cli.js:141862:10)
      at Request.emit (node:events:512:28)
      at IncomingMessage.<anonymous> (C:\Users\coder\AppData\Roaming\npm\node_modules\yarn\lib\cli.js:141784:12)
      at Object.onceWrapper (node:events:626:28)
      at IncomingMessage.emit (node:events:524:35)
      at endReadableNT (node:internal/streams/readable:1359:12)
      at process.processTicksAndRejections (node:internal/process/task_queues:82:21)

npm manifest: 
  {
    "dependencies": {
      "body-parser": "^1.20.2",
      "cors": "^2.8.5",
      "express": "^4.18.2",
      "mongoose": "^7.0.5",
      "razorpay": "^2.8.6"
    }
  }

yarn manifest: 
  No manifest

Lockfile: 
  No lockfile
